1609831032.969668 client started (6245): version 2.6, socket /tmp/tmux-1000/default, protocol 8
1609831032.969718 on Linux 4.15.0-128-generic #131-Ubuntu SMP Wed Dec 9 06:57:35 UTC 2020; libevent 2.1.8-stable (poll)
1609831032.969764 socket is /tmp/tmux-1000/default
1609831032.969795 trying connect
1609831032.969922 add peer 0x55d6bffd3ff0: 6 ((nil))
1609831032.970035 sending message 100 to peer 0x55d6bffd3ff0 (4 bytes)
1609831032.970055 sending message 101 to peer 0x55d6bffd3ff0 (7 bytes)
1609831032.970066 sending message 102 to peer 0x55d6bffd3ff0 (12 bytes)
1609831032.970075 sending message 108 to peer 0x55d6bffd3ff0 (49 bytes)
1609831032.970087 sending message 104 to peer 0x55d6bffd3ff0 (0 bytes)
1609831032.970099 sending message 107 to peer 0x55d6bffd3ff0 (4 bytes)
1609831032.970109 sending message 105 to peer 0x55d6bffd3ff0 (22 bytes)
1609831032.970119 sending message 105 to peer 0x55d6bffd3ff0 (1516 bytes)
1609831032.970141 sending message 105 to peer 0x55d6bffd3ff0 (135 bytes)
1609831032.970152 sending message 105 to peer 0x55d6bffd3ff0 (30 bytes)
1609831032.970162 sending message 105 to peer 0x55d6bffd3ff0 (34 bytes)
1609831032.970172 sending message 105 to peer 0x55d6bffd3ff0 (23 bytes)
1609831032.970182 sending message 105 to peer 0x55d6bffd3ff0 (53 bytes)
1609831032.970192 sending message 105 to peer 0x55d6bffd3ff0 (11 bytes)
1609831032.970202 sending message 105 to peer 0x55d6bffd3ff0 (11 bytes)
1609831032.970211 sending message 105 to peer 0x55d6bffd3ff0 (38 bytes)
1609831032.970221 sending message 105 to peer 0x55d6bffd3ff0 (32 bytes)
1609831032.970231 sending message 105 to peer 0x55d6bffd3ff0 (37 bytes)
1609831032.970241 sending message 105 to peer 0x55d6bffd3ff0 (20 bytes)
1609831032.970250 sending message 105 to peer 0x55d6bffd3ff0 (27 bytes)
1609831032.970260 sending message 105 to peer 0x55d6bffd3ff0 (16 bytes)
1609831032.970270 sending message 105 to peer 0x55d6bffd3ff0 (11 bytes)
1609831032.970279 sending message 105 to peer 0x55d6bffd3ff0 (47 bytes)
1609831032.970289 sending message 105 to peer 0x55d6bffd3ff0 (54 bytes)
1609831032.970298 sending message 105 to peer 0x55d6bffd3ff0 (17 bytes)
1609831032.970308 sending message 105 to peer 0x55d6bffd3ff0 (12 bytes)
1609831032.970318 sending message 105 to peer 0x55d6bffd3ff0 (23 bytes)
1609831032.970328 sending message 105 to peer 0x55d6bffd3ff0 (18 bytes)
1609831032.970337 sending message 105 to peer 0x55d6bffd3ff0 (33 bytes)
1609831032.970347 sending message 105 to peer 0x55d6bffd3ff0 (86 bytes)
1609831032.970357 sending message 105 to peer 0x55d6bffd3ff0 (51 bytes)
1609831032.970367 sending message 105 to peer 0x55d6bffd3ff0 (53 bytes)
1609831032.970377 sending message 105 to peer 0x55d6bffd3ff0 (18 bytes)
1609831032.970387 sending message 105 to peer 0x55d6bffd3ff0 (21 bytes)
1609831032.970396 sending message 105 to peer 0x55d6bffd3ff0 (121 bytes)
1609831032.970418 sending message 105 to peer 0x55d6bffd3ff0 (19 bytes)
1609831032.970430 sending message 105 to peer 0x55d6bffd3ff0 (19 bytes)
1609831032.970441 sending message 105 to peer 0x55d6bffd3ff0 (36 bytes)
1609831032.970452 sending message 105 to peer 0x55d6bffd3ff0 (21 bytes)
1609831032.970463 sending message 105 to peer 0x55d6bffd3ff0 (85 bytes)
1609831032.970475 sending message 105 to peer 0x55d6bffd3ff0 (42 bytes)
1609831032.970486 sending message 105 to peer 0x55d6bffd3ff0 (27 bytes)
1609831032.970498 sending message 105 to peer 0x55d6bffd3ff0 (36 bytes)
1609831032.970509 sending message 105 to peer 0x55d6bffd3ff0 (38 bytes)
1609831032.970520 sending message 105 to peer 0x55d6bffd3ff0 (24 bytes)
1609831032.970532 sending message 105 to peer 0x55d6bffd3ff0 (14 bytes)
1609831032.970543 sending message 105 to peer 0x55d6bffd3ff0 (28 bytes)
1609831032.970555 sending message 105 to peer 0x55d6bffd3ff0 (13 bytes)
1609831032.970566 sending message 105 to peer 0x55d6bffd3ff0 (61 bytes)
1609831032.970577 sending message 105 to peer 0x55d6bffd3ff0 (17 bytes)
1609831032.970588 sending message 105 to peer 0x55d6bffd3ff0 (12 bytes)
1609831032.970600 sending message 105 to peer 0x55d6bffd3ff0 (16 bytes)
1609831032.970624 sending message 105 to peer 0x55d6bffd3ff0 (21 bytes)
1609831032.970636 sending message 105 to peer 0x55d6bffd3ff0 (18 bytes)
1609831032.970648 sending message 105 to peer 0x55d6bffd3ff0 (20 bytes)
1609831032.970660 sending message 105 to peer 0x55d6bffd3ff0 (18 bytes)
1609831032.970671 sending message 105 to peer 0x55d6bffd3ff0 (33 bytes)
1609831032.970682 sending message 105 to peer 0x55d6bffd3ff0 (52 bytes)
1609831032.970693 sending message 105 to peer 0x55d6bffd3ff0 (29 bytes)
1609831032.970704 sending message 105 to peer 0x55d6bffd3ff0 (14 bytes)
1609831032.970715 sending message 105 to peer 0x55d6bffd3ff0 (15 bytes)
1609831032.970726 sending message 105 to peer 0x55d6bffd3ff0 (8 bytes)
1609831032.970737 sending message 105 to peer 0x55d6bffd3ff0 (171 bytes)
1609831032.970749 sending message 105 to peer 0x55d6bffd3ff0 (120 bytes)
1609831032.970760 sending message 105 to peer 0x55d6bffd3ff0 (168 bytes)
1609831032.970771 sending message 105 to peer 0x55d6bffd3ff0 (18 bytes)
1609831032.970782 sending message 105 to peer 0x55d6bffd3ff0 (44 bytes)
1609831032.970793 sending message 105 to peer 0x55d6bffd3ff0 (15 bytes)
1609831032.970811 sending message 105 to peer 0x55d6bffd3ff0 (54 bytes)
1609831032.970823 sending message 105 to peer 0x55d6bffd3ff0 (31 bytes)
1609831032.970834 sending message 105 to peer 0x55d6bffd3ff0 (41 bytes)
1609831032.970846 sending message 105 to peer 0x55d6bffd3ff0 (44 bytes)
1609831032.970857 sending message 105 to peer 0x55d6bffd3ff0 (45 bytes)
1609831032.970868 sending message 105 to peer 0x55d6bffd3ff0 (169 bytes)
1609831032.970879 sending message 105 to peer 0x55d6bffd3ff0 (33 bytes)
1609831032.970890 sending message 105 to peer 0x55d6bffd3ff0 (37 bytes)
1609831032.970901 sending message 105 to peer 0x55d6bffd3ff0 (175 bytes)
1609831032.970912 sending message 105 to peer 0x55d6bffd3ff0 (33 bytes)
1609831032.970923 sending message 105 to peer 0x55d6bffd3ff0 (88 bytes)
1609831032.970934 sending message 105 to peer 0x55d6bffd3ff0 (19 bytes)
1609831032.970945 sending message 105 to peer 0x55d6bffd3ff0 (32 bytes)
1609831032.970956 sending message 105 to peer 0x55d6bffd3ff0 (19 bytes)
1609831032.970967 sending message 105 to peer 0x55d6bffd3ff0 (20 bytes)
1609831032.970978 sending message 105 to peer 0x55d6bffd3ff0 (16 bytes)
1609831032.970989 sending message 105 to peer 0x55d6bffd3ff0 (16 bytes)
1609831032.971000 sending message 106 to peer 0x55d6bffd3ff0 (0 bytes)
1609831032.971012 sending message 200 to peer 0x55d6bffd3ff0 (4 bytes)
1609831032.971023 client loop enter
1609831032.971982 peer 0x55d6bffd3ff0 message 211
1609831032.972027 peer 0x55d6bffd3ff0 message 203
1609831032.972042 client loop exit
